<?xml version="1.0" encoding="UTF-8"?>
<testsuite xmlns:xsi="http://www.w3.org/2001/XMLSchema-instance" xsi:noNamespaceSchemaLocation="https://maven.apache.org/surefire/maven-surefire-plugin/xsd/surefire-test-report.xsd" version="3.0.2" name="com.leander.lottery.auth.controller.AuthControllerLoginTest" time="19.924" tests="3" errors="0" skipped="0" failures="1" flakes="0">
  <properties>
[...]
</properties>
  <testcase name="loginFailedInvalidCredentials" classname="com.leander.lottery.auth.controller.AuthControllerLoginTest" time="0.845">
    <failure message="Response content&#10;Expected: a string containing &quot;Invalid username or password&quot;&#10;     but: was &quot;&quot;" type="java.lang.AssertionError"><![CDATA[java.lang.AssertionError: 
Response content
Expected: a string containing "Invalid username or password"
     but: was ""
	at org.hamcrest.MatcherAssert.assertThat(MatcherAssert.java:20)
	at org.springframework.test.web.servlet.result.ContentResultMatchers.lambda$string$0(ContentResultMatchers.java:141)
	at org.springframework.test.web.servlet.MockMvc$1.andExpect(MockMvc.java:212)
	at com.leander.lottery.auth.controller.AuthControllerLoginTest.loginFailedInvalidCredentials(AuthControllerLoginTest.java:83)
]]></failure>
    <system-out><![CDATA[16:39:30.373 [main] INFO org.springframework.test.context.support.AnnotationConfigContextLoaderUtils -- Could not detect default configuration classes for test class [com.leander.lottery.auth.controller.AuthControllerLoginTest]: AuthControllerLoginTest does not declare any static, non-private, non-final, nested classes annotated with @Configuration.
16:39:30.701 [main] INFO org.springframework.boot.test.context.SpringBootTestContextBootstrapper -- Found @SpringBootConfiguration com.leander.lottery.auth.AuthApplication for test class com.leander.lottery.auth.controller.AuthControllerLoginTest
16:39:30.983 [main] INFO org.springframework.test.context.support.AnnotationConfigContextLoaderUtils -- Could not detect default configuration classes for test class [com.leander.lottery.auth.controller.AuthControllerLoginTest]: AuthControllerLoginTest does not declare any static, non-private, non-final, nested classes annotated with @Configuration.
16:39:30.990 [main] INFO org.springframework.boot.test.context.SpringBootTestContextBootstrapper -- Found @SpringBootConfiguration com.leander.lottery.auth.AuthApplication for test class com.leander.lottery.auth.controller.AuthControllerLoginTest

  .   ____          _            __ _ _
 /\\ / ___'_ __ _ _(_)_ __  __ _ \ \ \ \
( ( )\___ | '_ | '_| | '_ \/ _` | \ \ \ \
 \\/  ___)| |_)| | | | | || (_| |  ) ) ) )
  '  |____| .__|_| |_|_| |_\__, | / / / /
 =========|_|==============|___/=/_/_/_/

 :: Spring Boot ::                (v4.0.5)

2026-04-08T16:39:32.252+08:00  INFO 93546 --- [auth] [           main] c.l.l.a.c.AuthControllerLoginTest        : Starting AuthControllerLoginTest using Java 17.0.18 with PID 93546 (started by leander in /Users/leander/IdeaProjects/lucky_draw/auth_service)
2026-04-08T16:39:32.255+08:00  INFO 93546 --- [auth] [           main] c.l.l.a.c.AuthControllerLoginTest        : No active profile set, falling back to 1 default profile: "default"
2026-04-08T16:39:34.441+08:00  INFO 93546 --- [auth] [           main] .s.d.r.c.RepositoryConfigurationDelegate : Bootstrapping Spring Data JPA repositories in DEFAULT mode.
2026-04-08T16:39:34.581+08:00  INFO 93546 --- [auth] [           main] .s.d.r.c.RepositoryConfigurationDelegate : Finished Spring Data repository scanning in 104 ms. Found 1 JPA repository interface.
2026-04-08T16:39:38.554+08:00  INFO 93546 --- [auth] [           main] com.zaxxer.hikari.HikariDataSource       : HikariPool-1 - Starting...
2026-04-08T16:39:39.255+08:00  INFO 93546 --- [auth] [           main] com.zaxxer.hikari.pool.HikariPool        : HikariPool-1 - Added connection com.mysql.cj.jdbc.ConnectionImpl@5909285b
2026-04-08T16:39:39.262+08:00  INFO 93546 --- [auth] [           main] com.zaxxer.hikari.HikariDataSource       : HikariPool-1 - Start completed.
2026-04-08T16:39:39.395+08:00  INFO 93546 --- [auth] [           main] org.hibernate.orm.jpa                    : HHH008540: Processing PersistenceUnitInfo [name: default]
2026-04-08T16:39:39.827+08:00  INFO 93546 --- [auth] [           main] org.hibernate.orm.core                   : HHH000001: Hibernate ORM core version 7.2.7.Final
2026-04-08T16:39:41.236+08:00  INFO 93546 --- [auth] [           main] o.s.o.j.p.SpringPersistenceUnitInfo      : No LoadTimeWeaver setup: ignoring JPA class transformer
2026-04-08T16:39:41.793+08:00  INFO 93546 --- [auth] [           main] org.hibernate.orm.connections.pooling    : HHH10001005: Database info:
	Database JDBC URL [jdbc:mysql://localhost:3306/auth?useSSL=false]
	Database driver: MySQL Connector/J
	Database dialect: MySQLDialect
	Database version: 8.0.30
	Default catalog/schema: auth/undefined
	Autocommit mode: undefined/unknown
	Isolation level: REPEATABLE_READ [default REPEATABLE_READ]
	JDBC fetch size: none
	Pool: DataSourceConnectionProvider
	Minimum pool size: undefined/unknown
	Maximum pool size: undefined/unknown
2026-04-08T16:39:45.274+08:00  INFO 93546 --- [auth] [           main] org.hibernate.orm.core                   : HHH000489: No JTA platform available (set 'hibernate.transaction.jta.platform' to enable JTA platform integration)
2026-04-08T16:39:45.305+08:00  INFO 93546 --- [auth] [           main] j.LocalContainerEntityManagerFactoryBean : Initialized JPA EntityManagerFactory for persistence unit 'default'
2026-04-08T16:39:45.629+08:00  WARN 93546 --- [auth] [           main] JpaBaseConfiguration$JpaWebConfiguration : spring.jpa.open-in-view is enabled by default. Therefore, database queries may be performed during view rendering. Explicitly configure spring.jpa.open-in-view to disable this warning
2026-04-08T16:39:46.024+08:00  WARN 93546 --- [auth] [           main] .s.a.UserDetailsServiceAutoConfiguration : 

Using generated security password: a9ac08ae-e0b3-4320-a985-90207030866a

This generated password is for development use only. Your security configuration must be updated before running your application in production.

2026-04-08T16:39:46.056+08:00  INFO 93546 --- [auth] [           main] r$InitializeUserDetailsManagerConfigurer : Global AuthenticationManager configured with UserDetailsService bean with name inMemoryUserDetailsManager
2026-04-08T16:39:47.459+08:00  INFO 93546 --- [auth] [           main] o.s.d.j.r.query.QueryEnhancerFactories   : Hibernate is in classpath; If applicable, HQL parser will be used.
2026-04-08T16:39:48.353+08:00  INFO 93546 --- [auth] [           main] o.s.b.t.m.w.SpringBootMockServletContext : Initializing Spring TestDispatcherServlet ''
2026-04-08T16:39:48.354+08:00  INFO 93546 --- [auth] [           main] o.s.t.web.servlet.TestDispatcherServlet  : Initializing Servlet ''
2026-04-08T16:39:48.357+08:00  INFO 93546 --- [auth] [           main] o.s.t.web.servlet.TestDispatcherServlet  : Completed initialization in 3 ms
2026-04-08T16:39:48.423+08:00  INFO 93546 --- [auth] [           main] c.l.l.a.c.AuthControllerLoginTest        : Started AuthControllerLoginTest in 17.154 seconds (process running for 20.573)

MockHttpServletRequest:
      HTTP Method = POST
      Request URI = /api/v1/auth/login
       Parameters = {}
          Headers = [Content-Type:"application/json;charset=UTF-8", Content-Length:"44"]
             Body = {"name":"test","password":"correctPassword"}
    Session Attrs = {}

Handler:
             Type = com.leander.lottery.auth.controller.AuthController
           Method = com.leander.lottery.auth.controller.AuthController#login(LoginRequest)

Async:
    Async started = false
     Async result = null

Resolved Exception:
             Type = null

ModelAndView:
        View name = null
             View = null
            Model = null

FlashMap:
       Attributes = null

MockHttpServletResponse:
           Status = 401
    Error message = null
          Headers = [X-Content-Type-Options:"nosniff", X-XSS-Protection:"0", Cache-Control:"no-cache, no-store, max-age=0, must-revalidate", Pragma:"no-cache", Expires:"0", X-Frame-Options:"DENY"]
     Content type = null
             Body = 
    Forwarded URL = null
   Redirected URL = null
          Cookies = []
]]></system-out>
  </testcase>
  <testcase name="login_Success" classname="com.leander.lottery.auth.controller.AuthControllerLoginTest" time="0.184"/>
  <testcase name="loginMissingParameters" classname="com.leander.lottery.auth.controller.AuthControllerLoginTest" time="0.063">
    <system-out><![CDATA[2026-04-08T16:39:49.554+08:00  WARN 93546 --- [auth] [           main] .w.s.m.s.DefaultHandlerExceptionResolver : Resolved [org.springframework.web.bind.MethodArgumentNotValidException: Validation failed for argument [0] in public org.springframework.http.ResponseEntity<?> com.leander.lottery.auth.controller.AuthController.login(com.leander.lottery.auth.dto.LoginRequest): [Field error in object 'loginRequest' on field 'name': rejected value [null]; codes [NotBlank.loginRequest.name,NotBlank.name,NotBlank.java.lang.String,NotBlank]; arguments [org.springframework.context.support.DefaultMessageSourceResolvable: codes [loginRequest.name,name]; arguments []; default message [name]]; default message [Name is required]] ]
2026-04-08T16:39:49.564+08:00  WARN 93546 --- [auth] [           main] .w.s.m.s.DefaultHandlerExceptionResolver : Resolved [org.springframework.web.bind.MethodArgumentNotValidException: Validation failed for argument [0] in public org.springframework.http.ResponseEntity<?> com.leander.lottery.auth.controller.AuthController.login(com.leander.lottery.auth.dto.LoginRequest): [Field error in object 'loginRequest' on field 'password': rejected value [null]; codes [NotBlank.loginRequest.password,NotBlank.password,NotBlank.java.lang.String,NotBlank]; arguments [org.springframework.context.support.DefaultMessageSourceResolvable: codes [loginRequest.password,password]; arguments []; default message [password]]; default message [Password is required]] ]
]]></system-out>
  </testcase>
</testsuite>